<?xml version="1.0" encoding="UTF-8"?>
<testsuites name="jest tests" tests="3" failures="0" errors="0" time="1.748">
  <testsuite name="managerController" errors="0" failures="0" skipped="0" timestamp="2025-09-01T17:25:34" time="1.511" tests="3">
    <testcase classname="managerController createTeam should create a team and return 201" name="managerController createTeam should create a team and return 201" time="0.004">
    </testcase>
    <testcase classname="managerController addPlayers should add players to team and return 201" name="managerController addPlayers should add players to team and return 201" time="0.002">
    </testcase>
    <testcase classname="managerController addPlayers should return 400 if teamId or players[] missing" name="managerController addPlayers should return 400 if teamId or players[] missing" time="0.001">
    </testcase>
  </testsuite>
</testsuites>