<?xml version="1.0" encoding="UTF-8"?>
<testsuites name="jest tests" tests="35" failures="0" errors="0" time="2.007">
  <testsuite name="LiveSport controller" errors="0" failures="0" skipped="0" timestamp="2025-09-02T05:33:09" time="1.376" tests="2">
    <testcase classname="LiveSport controller adds matches successfully" name="LiveSport controller adds matches successfully" time="0.012">
    </testcase>
    <testcase classname="LiveSport controller returns 400 if no matches" name="LiveSport controller returns 400 if no matches" time="0.002">
    </testcase>
  </testsuite>
  <testsuite name="googleAuth controller" errors="0" failures="0" skipped="0" timestamp="2025-09-02T05:33:09" time="1.39" tests="7">
    <testcase classname="googleAuth controller should return 400 if idToken or action is missing" name="googleAuth controller should return 400 if idToken or action is missing" time="0.009">
    </testcase>
    <testcase classname="googleAuth controller should return 400 for invalid action" name="googleAuth controller should return 400 for invalid action" time="0">
    </testcase>
    <testcase classname="googleAuth controller signup: should return 409 if user already exists" name="googleAuth controller signup: should return 409 if user already exists" time="0.001">
    </testcase>
    <testcase classname="googleAuth controller signup: should create new user and return 201" name="googleAuth controller signup: should create new user and return 201" time="0">
    </testcase>
    <testcase classname="googleAuth controller login: should return 404 if user not found" name="googleAuth controller login: should return 404 if user not found" time="0.001">
    </testcase>
    <testcase classname="googleAuth controller login: should return 200 with user data if user exists" name="googleAuth controller login: should return 200 with user data if user exists" time="0.001">
    </testcase>
    <testcase classname="googleAuth controller should return 401 on token verification error" name="googleAuth controller should return 401 on token verification error" time="0.001">
    </testcase>
  </testsuite>
  <testsuite name="Match Stats Controller" errors="0" failures="0" skipped="0" timestamp="2025-09-02T05:33:09" time="1.381" tests="4">
    <testcase classname="Match Stats Controller getMatchStats should calculate and return match statistics correctly" name="Match Stats Controller getMatchStats should calculate and return match statistics correctly" time="0.009">
    </testcase>
    <testcase classname="Match Stats Controller getMatchStats should handle empty events" name="Match Stats Controller getMatchStats should handle empty events" time="0.001">
    </testcase>
    <testcase classname="Match Stats Controller getMatchStats should handle errors" name="Match Stats Controller getMatchStats should handle errors" time="0.001">
    </testcase>
    <testcase classname="Match Stats Controller getMatchStats should handle multiple events of the same type" name="Match Stats Controller getMatchStats should handle multiple events of the same type" time="0.001">
    </testcase>
  </testsuite>
  <testsuite name="verifyGoogleToken service" errors="0" failures="0" skipped="0" timestamp="2025-09-02T05:33:09" time="1.411" tests="2">
    <testcase classname="verifyGoogleToken service should return decoded token when verification succeeds" name="verifyGoogleToken service should return decoded token when verification succeeds" time="0.009">
    </testcase>
    <testcase classname="verifyGoogleToken service should throw an error when verification fails" name="verifyGoogleToken service should throw an error when verification fails" time="0.012">
    </testcase>
  </testsuite>
  <testsuite name="Match Controller" errors="0" failures="0" skipped="0" timestamp="2025-09-02T05:33:09" time="1.428" tests="13">
    <testcase classname="Match Controller startMatch should start a match successfully" name="Match Controller startMatch should start a match successfully" time="0.01">
    </testcase>
    <testcase classname="Match Controller startMatch should handle errors when starting a match" name="Match Controller startMatch should handle errors when starting a match" time="0.027">
    </testcase>
    <testcase classname="Match Controller recordGoal should record a goal successfully" name="Match Controller recordGoal should record a goal successfully" time="0.002">
    </testcase>
    <testcase classname="Match Controller recordGoal should record an away goal correctly" name="Match Controller recordGoal should record an away goal correctly" time="0.001">
    </testcase>
    <testcase classname="Match Controller recordGoal should return error for missing required fields" name="Match Controller recordGoal should return error for missing required fields" time="0">
    </testcase>
    <testcase classname="Match Controller recordGoal should handle errors when recording a goal" name="Match Controller recordGoal should handle errors when recording a goal" time="0.001">
    </testcase>
    <testcase classname="Match Controller recordSubstitution should record a substitution successfully" name="Match Controller recordSubstitution should record a substitution successfully" time="0.001">
    </testcase>
    <testcase classname="Match Controller recordSubstitution should return error for missing required fields" name="Match Controller recordSubstitution should return error for missing required fields" time="0.001">
    </testcase>
    <testcase classname="Match Controller recordSubstitution should handle errors when recording a substitution" name="Match Controller recordSubstitution should handle errors when recording a substitution" time="0.001">
    </testcase>
    <testcase classname="Match Controller recordFoul should record a foul successfully without a card" name="Match Controller recordFoul should record a foul successfully without a card" time="0.001">
    </testcase>
    <testcase classname="Match Controller recordFoul should record a foul successfully with a card" name="Match Controller recordFoul should record a foul successfully with a card" time="0">
    </testcase>
    <testcase classname="Match Controller recordFoul should return error for missing required fields" name="Match Controller recordFoul should return error for missing required fields" time="0">
    </testcase>
    <testcase classname="Match Controller recordFoul should handle errors when recording a foul" name="Match Controller recordFoul should handle errors when recording a foul" time="0.002">
    </testcase>
  </testsuite>
  <testsuite name="adminController.createMatch" errors="0" failures="0" skipped="0" timestamp="2025-09-02T05:33:09" time="1.396" tests="2">
    <testcase classname="adminController.createMatch should create a match successfully" name="adminController.createMatch should create a match successfully" time="0.011">
    </testcase>
    <testcase classname="adminController.createMatch should return 500 if Firestore throws an error" name="adminController.createMatch should return 500 if Firestore throws an error" time="0.001">
    </testcase>
  </testsuite>
  <testsuite name="UserController" errors="0" failures="0" skipped="0" timestamp="2025-09-02T05:33:09" time="1.632" tests="5">
    <testcase classname="UserController getMatches should fetch matches and return 200" name="UserController getMatches should fetch matches and return 200" time="0.007">
    </testcase>
    <testcase classname="UserController getCurrentUser should fetch current user data" name="UserController getCurrentUser should fetch current user data" time="0.001">
    </testcase>
    <testcase classname="UserController getCurrentUser should return 401 if no token" name="UserController getCurrentUser should return 401 if no token" time="0.001">
    </testcase>
    <testcase classname="UserController updateUser should update user profile successfully" name="UserController updateUser should update user profile successfully" time="0.001">
    </testcase>
    <testcase classname="UserController updateUser should return 500 on error" name="UserController updateUser should return 500 on error" time="0.009">
    </testcase>
  </testsuite>
</testsuites>